{"timstamp" : "Oct-17-2022 17:56:10", "level" : "info", "message": "	Server Started in port : 3000!"}
{"timstamp" : "Oct-17-2022 18:10:47", "level" : "info", "message": "	Server Started in port : 3000!"}
{"timstamp" : "Oct-17-2022 18:10:49", "level" : "info", "message": "	Server got : /!"}
{"timstamp" : "Oct-17-2022 18:10:49", "level" : "info", "message": "	Server got : /!"}
{"timstamp" : "Oct-17-2022 18:12:32", "level" : "info", "message": "	Server Started in port : 3000!"}
{"timstamp" : "Oct-17-2022 18:13:11", "level" : "info", "message": "	Server Started in port : 3000!"}
{"timstamp" : "Oct-17-2022 18:38:55", "level" : "info", "message": "	Server Started in port : 3000!"}
{"timstamp" : "Oct-17-2022 18:39:18", "level" : "info", "message": "	Server got : /!"}
{"timstamp" : "Oct-17-2022 18:39:56", "level" : "info", "message": "	Server Started in port : 3000!"}
{"timstamp" : "Oct-17-2022 18:40:11", "level" : "info", "message": "	Server Started in port : 3000!"}
{"timstamp" : "Oct-17-2022 18:40:58", "level" : "info", "message": "	Server Started in port : 3000!"}
{"timstamp" : "Oct-17-2022 18:41:00", "level" : "info", "message": "	Server got : /l!"}
{"timstamp" : "Oct-17-2022 18:41:07", "level" : "info", "message": "	Server Started in port : 3000!"}
{"timstamp" : "Oct-17-2022 18:41:10", "level" : "info", "message": "	Server got : /!"}
{"timstamp" : "Oct-17-2022 18:41:10", "level" : "info", "message": "	Server got : /!"}
{"timstamp" : "Oct-17-2022 18:41:33", "level" : "info", "message": "	Server Started in port : 3000!"}
{"timstamp" : "Oct-17-2022 18:41:49", "level" : "info", "message": "	Server Started in port : 3000!"}
{"timstamp" : "Oct-17-2022 18:41:52", "level" : "info", "message": "	Server got : /!"}
{"timstamp" : "Oct-17-2022 18:41:52", "level" : "info", "message": "	Server got : /!"}
{"timstamp" : "Oct-17-2022 18:41:56", "level" : "info", "message": "	Server got : /l!"}
{"timstamp" : "Oct-17-2022 18:42:22", "level" : "info", "message": "	Server got : /l!"}
{"timstamp" : "Oct-17-2022 18:42:30", "level" : "info", "message": "	Server Started in port : 3000!"}
{"timstamp" : "Oct-17-2022 18:43:45", "level" : "info", "message": "	Server Started in port : 3000!"}
{"timstamp" : "Oct-17-2022 18:44:50", "level" : "info", "message": "	Server Started in port : 3000!"}
{"timstamp" : "Oct-17-2022 18:45:08", "level" : "info", "message": "	Server Started in port : 3000!"}
{"timstamp" : "Oct-17-2022 18:46:20", "level" : "info", "message": "	Server Started in port : 3000!"}
{"timstamp" : "Oct-17-2022 18:46:44", "level" : "info", "message": "	Server Started in port : 3000!"}
{"timstamp" : "Oct-17-2022 18:47:40", "level" : "info", "message": "	Server Started in port : 3000!"}
{"timstamp" : "Oct-17-2022 18:47:46", "level" : "info", "message": "	Server got : /l!"}
{"timstamp" : "Oct-17-2022 18:47:52", "level" : "info", "message": "	Server Started in port : 3000!"}
{"timstamp" : "Oct-17-2022 18:48:01", "level" : "info", "message": "	Server Started in port : 3000!"}
{"timstamp" : "Oct-17-2022 18:48:12", "level" : "info", "message": "	Server Started in port : 3000!"}
{"timstamp" : "Oct-17-2022 18:49:23", "level" : "info", "message": "	Server Started in port : 3000!"}
{"timstamp" : "Oct-17-2022 18:50:32", "level" : "info", "message": "	Server Started in port : 3000!"}
{"timstamp" : "Oct-17-2022 18:50:56", "level" : "info", "message": "	Server Started in port : 3000!"}
{"timstamp" : "Oct-17-2022 18:52:14", "level" : "info", "message": "	Server Started in port : 3000!"}
{"timstamp" : "Oct-17-2022 18:52:49", "level" : "info", "message": "	Server Started in port : 3000!"}
{"timstamp" : "Oct-17-2022 18:53:41", "level" : "info", "message": "	Server Started in port : 3000!"}
{"timstamp" : "Oct-17-2022 18:54:48", "level" : "info", "message": "	Server Started in port : 3000!"}
{"timstamp" : "Oct-17-2022 18:55:20", "level" : "info", "message": "	Server Started in port : 3000!"}
{"timstamp" : "Oct-17-2022 18:55:32", "level" : "info", "message": "	Server Started in port : 3000!"}
{"timstamp" : "Oct-17-2022 18:55:38", "level" : "info", "message": "	Server got : /!"}
{"timstamp" : "Oct-17-2022 18:55:56", "level" : "info", "message": "	Server Started in port : 3000!"}
{"timstamp" : "Oct-17-2022 18:55:58", "level" : "info", "message": "	Server got : /!"}
{"timstamp" : "Oct-17-2022 18:56:42", "level" : "info", "message": "	Server Started in port : 3000!"}
{"timstamp" : "Oct-17-2022 18:57:39", "level" : "info", "message": "	Server Started in port : 3000!"}
{"timstamp" : "Oct-17-2022 18:57:49", "level" : "info", "message": "	Server Started in port : 3000!"}
{"timstamp" : "Oct-17-2022 18:59:13", "level" : "info", "message": "	Server Started in port : 3000!"}
{"timstamp" : "Oct-17-2022 19:29:48", "level" : "info", "message": "	Server Started in port : 3000!"}
{"timstamp" : "Oct-17-2022 19:29:54", "level" : "info", "message": "	Server Started in port : 3000!"}
{"timstamp" : "Oct-17-2022 19:30:17", "level" : "info", "message": "	Server Started in port : 3000!"}
{"timstamp" : "Oct-17-2022 19:30:44", "level" : "info", "message": "	Server Started in port : 3000!"}
{"timstamp" : "Oct-17-2022 19:31:03", "level" : "info", "message": "	Server Started in port : 3000!"}
{"timstamp" : "Oct-17-2022 19:32:03", "level" : "info", "message": "	Server Started in port : 3000!"}
{"timstamp" : "Oct-17-2022 19:32:38", "level" : "info", "message": "	Server Started in port : 3000!"}
{"timstamp" : "Oct-17-2022 19:34:25", "level" : "info", "message": "	Server Started in port : 3000!"}
{"timstamp" : "Oct-17-2022 19:35:03", "level" : "info", "message": "	Server Started in port : 3000!"}
{"timstamp" : "Oct-17-2022 19:36:26", "level" : "info", "message": "	Server Started in port : 3000!"}
{"timstamp" : "Oct-17-2022 19:43:01", "level" : "info", "message": "	Server Started in port : 3000!"}
{"timstamp" : "Oct-17-2022 19:44:59", "level" : "info", "message": "	Server Started in port : 3000!"}
{"timstamp" : "Oct-17-2022 19:46:46", "level" : "info", "message": "	Server Started in port : 3000!"}
{"timstamp" : "Oct-17-2022 19:48:08", "level" : "info", "message": "	Server Started in port : 3000!"}
{"timstamp" : "Oct-17-2022 19:49:09", "level" : "info", "message": "	Server Started in port : 3000!"}
{"timstamp" : "Oct-17-2022 19:50:19", "level" : "info", "message": "	Server Started in port : 3000!"}
{"timstamp" : "Oct-17-2022 21:11:43", "level" : "info", "message": "	Server Started in port : 3000!"}
{"timstamp" : "Oct-17-2022 21:14:40", "level" : "info", "message": "	Server Started in port : 3000!"}
{"timstamp" : "Oct-17-2022 22:02:59", "level" : "info", "message": "	Server Started in port : 3000!"}
{"timstamp" : "Oct-17-2022 22:03:02", "level" : "info", "message": "	Server gotss : Error: ENOENT: no such file or directory, open './public/dashboard.js'!Error: ENOENT: no such file or directory, open './public/dashboard.js'"}
{"timstamp" : "Oct-17-2022 22:03:32", "level" : "info", "message": "	Server Started in port : 3000!"}
{"timstamp" : "Oct-17-2022 22:03:34", "level" : "info", "message": "	Server gotss : Error: ENOENT: no such file or directory, open './public/dashboard.js'!Error: ENOENT: no such file or directory, open './public/dashboard.js'"}
{"timstamp" : "Oct-17-2022 22:04:17", "level" : "info", "message": "	Server Started in port : 3000!"}
{"timstamp" : "Oct-17-2022 22:05:53", "level" : "info", "message": "	Server gotss : Error: ENOENT: no such file or directory, open './public/dashboard.js'!Error: ENOENT: no such file or directory, open './public/dashboard.js'"}
{"timstamp" : "Oct-17-2022 22:06:33", "level" : "info", "message": "	Server Started in port : 3000!"}
{"timstamp" : "Oct-17-2022 22:06:42", "level" : "info", "message": "	Server gotss : Error: ENOENT: no such file or directory, open './public/dashboard.js'!Error: ENOENT: no such file or directory, open './public/dashboard.js'"}
{"timstamp" : "Oct-17-2022 22:08:24", "level" : "info", "message": "	Server Started in port : 3000!"}
{"timstamp" : "Oct-17-2022 22:08:28", "level" : "info", "message": "	Server Started in port : 3000!"}
{"timstamp" : "Oct-17-2022 22:08:31", "level" : "info", "message": "	Server gotss : Error: ENOENT: no such file or directory, open './public/dashboard.js'!Error: ENOENT: no such file or directory, open './public/dashboard.js'"}
{"timstamp" : "Oct-18-2022 07:06:04", "level" : "info", "message": "	Server Started in port : 3000!"}
{"timstamp" : "Oct-18-2022 07:06:48", "level" : "info", "message": "	Server Started in port : 3000!"}
{"timstamp" : "Oct-18-2022 10:16:36", "level" : "info", "message": "	Server Started in port : 3000!"}
{"timstamp" : "Oct-18-2022 10:16:43", "level" : "info", "message": "	Server Started in port : 3000!"}
{"timstamp" : "Oct-23-2022 14:15:55", "level" : "info", "message": "	Server Started in port : 3000!"}
{"timstamp" : "Oct-23-2022 14:44:42", "level" : "info", "message": "	Server Started in port : 3000!"}
{"timstamp" : "Oct-23-2022 14:44:46", "level" : "info", "message": "	Server Started in port : 3000!"}
{"timstamp" : "Oct-23-2022 14:44:47", "level" : "info", "message": "	Server Started in port : 3000!"}
{"timstamp" : "Oct-23-2022 14:44:51", "level" : "info", "message": "	Server Started in port : 3000!"}
{"timstamp" : "Oct-23-2022 14:44:53", "level" : "info", "message": "	Server Started in port : 3000!"}
{"timstamp" : "Oct-23-2022 14:44:55", "level" : "info", "message": "	Server Started in port : 3000!"}
{"timstamp" : "Oct-23-2022 14:44:58", "level" : "info", "message": "	Server Started in port : 3000!"}
{"timstamp" : "Oct-23-2022 14:45:47", "level" : "info", "message": "	Server Started in port : 3000!"}
{"timstamp" : "Oct-23-2022 14:46:28", "level" : "info", "message": "	Server Started in port : 3000!"}
{"timstamp" : "Oct-23-2022 14:46:31", "level" : "info", "message": "	Server Started in port : 3000!"}
{"timstamp" : "Oct-23-2022 14:46:39", "level" : "info", "message": "	Server Started in port : 3000!"}
{"timstamp" : "Oct-23-2022 14:47:23", "level" : "info", "message": "	Server Started in port : 3000!"}
{"timstamp" : "Oct-23-2022 14:47:26", "level" : "info", "message": "	Server Started in port : 3000!"}
{"timstamp" : "Oct-23-2022 14:47:27", "level" : "info", "message": "	Server Started in port : 3000!"}
{"timstamp" : "Oct-23-2022 14:47:29", "level" : "info", "message": "	Server Started in port : 3000!"}
{"timstamp" : "Oct-23-2022 14:47:48", "level" : "info", "message": "	Server Started in port : 3000!"}
{"timstamp" : "Oct-23-2022 14:47:51", "level" : "info", "message": "	Server Started in port : 3000!"}
{"timstamp" : "Oct-23-2022 14:48:21", "level" : "info", "message": "	Server Started in port : 3000!"}
{"timstamp" : "Oct-23-2022 14:48:30", "level" : "info", "message": "	Server Started in port : 3000!"}
{"timstamp" : "Oct-23-2022 14:48:37", "level" : "info", "message": "	Server Started in port : 3000!"}
{"timstamp" : "Oct-23-2022 14:48:40", "level" : "info", "message": "	Server Started in port : 3000!"}
{"timstamp" : "Oct-23-2022 14:48:41", "level" : "info", "message": "	Server Started in port : 3000!"}
{"timstamp" : "Oct-23-2022 14:48:46", "level" : "info", "message": "	Server Started in port : 3000!"}
{"timstamp" : "Oct-23-2022 14:49:09", "level" : "info", "message": "	Server Started in port : 3000!"}
{"timstamp" : "Oct-23-2022 14:49:13", "level" : "info", "message": "	Server Started in port : 3000!"}
{"timstamp" : "Oct-23-2022 14:50:00", "level" : "info", "message": "	Server Started in port : 3000!"}
{"timstamp" : "Oct-23-2022 14:50:22", "level" : "info", "message": "	Server Started in port : 3000!"}
{"timstamp" : "Oct-23-2022 14:50:24", "level" : "info", "message": "	Server Started in port : 3000!"}
{"timstamp" : "Oct-23-2022 14:50:29", "level" : "info", "message": "	Server Started in port : 3000!"}
{"timstamp" : "Oct-23-2022 14:51:37", "level" : "info", "message": "	Server Started in port : 3000!"}
{"timstamp" : "Oct-23-2022 14:52:33", "level" : "info", "message": "	Server Started in port : 3000!"}
{"timstamp" : "Oct-23-2022 14:59:45", "level" : "info", "message": "	Server Started in port : 3000!"}
{"timstamp" : "Oct-23-2022 14:59:46", "level" : "info", "message": "	Server Started in port : 3000!"}
{"timstamp" : "Oct-23-2022 15:00:11", "level" : "info", "message": "	Server Started in port : 3000!"}
{"timstamp" : "Oct-23-2022 15:00:43", "level" : "info", "message": "	Server Started in port : 3000!"}
{"timstamp" : "Oct-23-2022 15:00:50", "level" : "info", "message": "	Server Started in port : 3000!"}
{"timstamp" : "Oct-23-2022 15:00:55", "level" : "info", "message": "	Server Started in port : 3000!"}
{"timstamp" : "Oct-23-2022 15:02:57", "level" : "info", "message": "	Server Started in port : 3000!"}
{"timstamp" : "Oct-23-2022 15:03:00", "level" : "info", "message": "	Server Started in port : 3000!"}
{"timstamp" : "Oct-23-2022 15:03:02", "level" : "info", "message": "	Server Started in port : 3000!"}
{"timstamp" : "Oct-24-2022 07:37:10", "level" : "info", "message": "	Server Started in port : 3000!"}
{"timstamp" : "Oct-24-2022 07:38:02", "level" : "info", "message": "	Server Started in port : 3000!"}
{"timstamp" : "Oct-24-2022 07:38:03", "level" : "info", "message": "	Server Started in port : 3000!"}
{"timstamp" : "Oct-24-2022 07:38:08", "level" : "info", "message": "	Server Started in port : 3000!"}
{"timstamp" : "Oct-24-2022 07:49:48", "level" : "info", "message": "	Server Started in port : 3000!"}
{"timstamp" : "Oct-24-2022 07:49:52", "level" : "info", "message": "	Server Started in port : 3000!"}
{"timstamp" : "Oct-24-2022 07:49:56", "level" : "info", "message": "	Server Started in port : 3000!"}
{"timstamp" : "Oct-24-2022 07:50:02", "level" : "info", "message": "	Server Started in port : 3000!"}
{"timstamp" : "Oct-24-2022 07:50:17", "level" : "info", "message": "	Server Started in port : 3000!"}
{"timstamp" : "Oct-24-2022 07:50:33", "level" : "info", "message": "	Server Started in port : 3000!"}
{"timstamp" : "Oct-24-2022 08:08:23", "level" : "info", "message": "	Server Started in port : 3000!"}
{"timstamp" : "Oct-24-2022 08:08:29", "level" : "info", "message": "	Server Started in port : 3000!"}
{"timstamp" : "Oct-24-2022 08:08:32", "level" : "info", "message": "	Server Started in port : 3000!"}
{"timestamp" : "Oct-24-2022 08:08:52", "level" : "info", "message": "	Server Started in port : 3000!"}
{"timestamp" : "Oct-24-2022 08:10:08", "level" : "info", "message": "	Server Started in port : 3000!"}
{"timestamp" : "Oct-24-2022 08:10:15", "level" : "info", "message": "	Server Started in port : 3000!"}
{"timestamp" : "Oct-24-2022 08:10:19", "level" : "info", "message": "	Server Started in port : 3000!"}
{"timestamp" : "Oct-24-2022 08:10:51", "level" : "info", "message": "	Server Started in port : 3000!"}
{"timestamp" : "Oct-24-2022 08:10:55", "level" : "info", "message": "	Server Started in port : 3000!"}
{"timestamp" : "Oct-24-2022 08:11:00", "level" : "info", "message": "	Server Started in port : 3000!"}
{"timestamp" : "Oct-24-2022 08:11:29", "level" : "info", "message": "	Server Started in port : 3000!"}
{"timestamp" : "Oct-24-2022 08:13:12", "level" : "info", "message": "	Server Started in port : 3000!"}
{"timestamp" : "Oct-24-2022 08:15:23", "level" : "info", "message": "	Server Started in port : 3000!"}
{"timestamp" : "Oct-24-2022 08:15:30", "level" : "info", "message": "	Server Started in port : 3000!"}
{"timestamp" : "Oct-24-2022 08:15:35", "level" : "info", "message": "	Server Started in port : 3000!"}
{"timestamp" : "Oct-24-2022 08:15:42", "level" : "info", "message": "	Server Started in port : 3000!"}
{"timestamp" : "Oct-24-2022 08:15:43", "level" : "info", "message": "	Server Started in port : 3000!"}
{"timestamp" : "Oct-24-2022 08:15:46", "level" : "info", "message": "	Server Started in port : 3000!"}
{"timestamp" : "Oct-24-2022 08:18:04", "level" : "info", "message": "	Server Started in port : 3000!"}
{"timestamp" : "Oct-24-2022 08:18:09", "level" : "info", "message": "	Server Started in port : 3000!"}
{"timestamp" : "Oct-24-2022 08:18:15", "level" : "info", "message": "	Server Started in port : 3000!"}
{"timestamp" : "Oct-24-2022 08:18:21", "level" : "info", "message": "	Server Started in port : 3000!"}
{"timestamp" : "Oct-24-2022 08:18:32", "level" : "info", "message": "	Server Started in port : 3000!"}
{"timestamp" : "Oct-24-2022 08:18:38", "level" : "info", "message": "	Server Started in port : 3000!"}
{"timestamp" : "Oct-24-2022 08:18:44", "level" : "info", "message": "	Server Started in port : 3000!"}
{"timestamp" : "Oct-24-2022 08:18:47", "level" : "info", "message": "	Server Started in port : 3000!"}
{"timestamp" : "Oct-24-2022 08:18:51", "level" : "info", "message": "	Server Started in port : 3000!"}
{"timestamp" : "Oct-24-2022 08:18:56", "level" : "info", "message": "	Server Started in port : 3000!"}
{"timestamp" : "Oct-24-2022 08:18:58", "level" : "info", "message": "	Server Started in port : 3000!"}
{"timestamp" : "Oct-24-2022 08:19:19", "level" : "info", "message": "	Server Started in port : 3000!"}
{"timestamp" : "Oct-24-2022 08:19:28", "level" : "info", "message": "	Server Started in port : 3000!"}
{"timestamp" : "Oct-24-2022 08:20:16", "level" : "info", "message": "	Server Started in port : 3000!"}
{"timestamp" : "Oct-24-2022 08:20:18", "level" : "info", "message": "	Server Started in port : 3000!"}
{"timestamp" : "Oct-24-2022 08:20:25", "level" : "info", "message": "	Server Started in port : 3000!"}
{"timestamp" : "Oct-24-2022 08:20:34", "level" : "info", "message": "	Server Started in port : 3000!"}
{"timestamp" : "Oct-24-2022 08:20:35", "level" : "info", "message": "	Server Started in port : 3000!"}
{"timestamp" : "Oct-24-2022 08:20:40", "level" : "info", "message": "	Server Started in port : 3000!"}
{"timestamp" : "Oct-24-2022 08:20:44", "level" : "info", "message": "	Server Started in port : 3000!"}
{"timestamp" : "Oct-24-2022 08:20:46", "level" : "info", "message": "	Server Started in port : 3000!"}
{"timestamp" : "Oct-24-2022 08:20:52", "level" : "info", "message": "	Server Started in port : 3000!"}
{"timestamp" : "Oct-24-2022 08:21:17", "level" : "info", "message": "	Server Started in port : 3000!"}
{"timestamp" : "Oct-24-2022 08:21:18", "level" : "info", "message": "	Server Started in port : 3000!"}
{"timestamp" : "Oct-24-2022 08:21:23", "level" : "info", "message": "	Server Started in port : 3000!"}
{"timestamp" : "Oct-24-2022 08:21:27", "level" : "info", "message": "	Server Started in port : 3000!"}
{"timestamp" : "Oct-24-2022 08:21:42", "level" : "info", "message": "	Server Started in port : 3000!"}
{"timestamp" : "Oct-24-2022 08:21:48", "level" : "info", "message": "	Server Started in port : 3000!"}
{"timestamp" : "Oct-24-2022 08:22:23", "level" : "info", "message": "	Server Started in port : 3000!"}
{"timestamp" : "Oct-24-2022 08:22:30", "level" : "info", "message": "	Server Started in port : 3000!"}
{"timestamp" : "Oct-24-2022 08:22:35", "level" : "info", "message": "	Server Started in port : 3000!"}
{"timestamp" : "Oct-24-2022 08:22:36", "level" : "info", "message": "	Server Started in port : 3000!"}
{"timestamp" : "Oct-24-2022 08:22:40", "level" : "info", "message": "	Server Started in port : 3000!"}
{"timestamp" : "Oct-24-2022 08:22:44", "level" : "info", "message": "	Server Started in port : 3000!"}
{"timestamp" : "Oct-24-2022 08:22:49", "level" : "info", "message": "	Server Started in port : 3000!"}
{"timestamp" : "Oct-24-2022 08:22:52", "level" : "info", "message": "	Server Started in port : 3000!"}
{"timestamp" : "Oct-24-2022 08:22:53", "level" : "info", "message": "	Server Started in port : 3000!"}
{"timestamp" : "Oct-24-2022 08:23:19", "level" : "info", "message": "	Server Started in port : 3000!"}
